  [1m[36m (1.1ms)[0m  [1mCREATE TABLE "schema_migrations" ("version" varchar(255) NOT NULL) [0m
  [1m[35m (0.1ms)[0m  select sqlite_version(*)
  [1m[36m (0.9ms)[0m  [1mCREATE UNIQUE INDEX "unique_schema_migrations" ON "schema_migrations" ("version")[0m
  [1m[35mActiveRecord::SchemaMigration Load (0.1ms)[0m  SELECT "schema_migrations".* FROM "schema_migrations"
Migrating to CreateUsers (20141103193833)
  [1m[36m (0.1ms)[0m  [1mbegin transaction[0m
  [1m[35m (0.5ms)[0m  CREATE TABLE "users" ("id" INTEGER PRIMARY KEY AUTOINCREMENT NOT NULL, "password_digest" varchar(255) NOT NULL, "session_token" varchar(255) NOT NULL, "username" varchar(255) NOT NULL, "created_at" datetime, "updated_at" datetime) 
  [1m[36m (0.9ms)[0m  [1mCREATE UNIQUE INDEX "index_users_on_session_token" ON "users" ("session_token")[0m
  [1m[35m (0.1ms)[0m              SELECT sql
            FROM sqlite_master
            WHERE name='index_users_on_session_token' AND type='index'
            UNION ALL
            SELECT sql
            FROM sqlite_temp_master
            WHERE name='index_users_on_session_token' AND type='index'

  [1m[36m (0.2ms)[0m  [1mCREATE UNIQUE INDEX "index_users_on_username" ON "users" ("username")[0m
  [1m[35mSQL (0.2ms)[0m  INSERT INTO "schema_migrations" ("version") VALUES (?)  [["version", "20141103193833"]]
  [1m[36m (1.3ms)[0m  [1mcommit transaction[0m
  [1m[35mActiveRecord::SchemaMigration Load (0.1ms)[0m  SELECT "schema_migrations".* FROM "schema_migrations"
  [1m[36m (0.1ms)[0m  [1m            SELECT sql
            FROM sqlite_master
            WHERE name='index_users_on_username' AND type='index'
            UNION ALL
            SELECT sql
            FROM sqlite_temp_master
            WHERE name='index_users_on_username' AND type='index'
[0m
  [1m[35m (0.1ms)[0m              SELECT sql
            FROM sqlite_master
            WHERE name='index_users_on_session_token' AND type='index'
            UNION ALL
            SELECT sql
            FROM sqlite_temp_master
            WHERE name='index_users_on_session_token' AND type='index'

  [1m[36m (1.2ms)[0m  [1mCREATE TABLE "users" ("id" INTEGER PRIMARY KEY AUTOINCREMENT NOT NULL, "password_digest" varchar(255) NOT NULL, "session_token" varchar(255) NOT NULL, "username" varchar(255) NOT NULL, "created_at" datetime, "updated_at" datetime) [0m
  [1m[35m (0.1ms)[0m  select sqlite_version(*)
  [1m[36m (1.1ms)[0m  [1mCREATE UNIQUE INDEX "index_users_on_session_token" ON "users" ("session_token")[0m
  [1m[35m (0.2ms)[0m              SELECT sql
            FROM sqlite_master
            WHERE name='index_users_on_session_token' AND type='index'
            UNION ALL
            SELECT sql
            FROM sqlite_temp_master
            WHERE name='index_users_on_session_token' AND type='index'

  [1m[36m (1.2ms)[0m  [1mCREATE UNIQUE INDEX "index_users_on_username" ON "users" ("username")[0m
  [1m[35m (1.1ms)[0m  CREATE TABLE "schema_migrations" ("version" varchar(255) NOT NULL) 
  [1m[36m (1.0ms)[0m  [1mCREATE UNIQUE INDEX "unique_schema_migrations" ON "schema_migrations" ("version")[0m
  [1m[35m (0.1ms)[0m  SELECT version FROM "schema_migrations"
  [1m[36m (1.0ms)[0m  [1mINSERT INTO "schema_migrations" (version) VALUES ('20141103193833')[0m
  [1m[36mActiveRecord::SchemaMigration Load (0.3ms)[0m  [1mSELECT "schema_migrations".* FROM "schema_migrations"[0m
Migrating to CreateGoals (20141103200210)
  [1m[35m (0.1ms)[0m  begin transaction
  [1m[36m (0.5ms)[0m  [1mCREATE TABLE "goals" ("id" INTEGER PRIMARY KEY AUTOINCREMENT NOT NULL, "user_id" integer NOT NULL, "body" text NOT NULL, "status" varchar(255) DEFAULT 'PRIVATE' NOT NULL, "created_at" datetime, "updated_at" datetime) [0m
  [1m[35m (0.1ms)[0m  select sqlite_version(*)
  [1m[36m (0.1ms)[0m  [1mCREATE  INDEX "index_goals_on_user_id" ON "goals" ("user_id")[0m
  [1m[35m (0.1ms)[0m              SELECT sql
            FROM sqlite_master
            WHERE name='index_goals_on_user_id' AND type='index'
            UNION ALL
            SELECT sql
            FROM sqlite_temp_master
            WHERE name='index_goals_on_user_id' AND type='index'

  [1m[36m (0.4ms)[0m  [1mrollback transaction[0m
  [1m[36mActiveRecord::SchemaMigration Load (0.1ms)[0m  [1mSELECT "schema_migrations".* FROM "schema_migrations"[0m
Migrating to CreateGoals (20141103200210)
  [1m[35m (0.1ms)[0m  begin transaction
  [1m[36m (0.4ms)[0m  [1mCREATE TABLE "goals" ("id" INTEGER PRIMARY KEY AUTOINCREMENT NOT NULL, "user_id" integer NOT NULL, "body" text NOT NULL, "status" varchar(255) DEFAULT 'PRIVATE' NOT NULL, "created_at" datetime, "updated_at" datetime) [0m
  [1m[35m (0.1ms)[0m  select sqlite_version(*)
  [1m[36m (0.1ms)[0m  [1mCREATE  INDEX "index_goals_on_user_id" ON "goals" ("user_id")[0m
  [1m[35m (0.1ms)[0m              SELECT sql
            FROM sqlite_master
            WHERE name='index_goals_on_user_id' AND type='index'
            UNION ALL
            SELECT sql
            FROM sqlite_temp_master
            WHERE name='index_goals_on_user_id' AND type='index'

  [1m[36m (0.8ms)[0m  [1mCREATE UNIQUE INDEX "index_goals_on_user_id_and_body" ON "goals" ("user_id", "body")[0m
  [1m[35mSQL (0.3ms)[0m  INSERT INTO "schema_migrations" ("version") VALUES (?)  [["version", "20141103200210"]]
  [1m[36m (9.4ms)[0m  [1mcommit transaction[0m
  [1m[35mActiveRecord::SchemaMigration Load (0.1ms)[0m  SELECT "schema_migrations".* FROM "schema_migrations"
  [1m[36m (0.1ms)[0m  [1m            SELECT sql
            FROM sqlite_master
            WHERE name='index_goals_on_user_id_and_body' AND type='index'
            UNION ALL
            SELECT sql
            FROM sqlite_temp_master
            WHERE name='index_goals_on_user_id_and_body' AND type='index'
[0m
  [1m[35m (0.1ms)[0m              SELECT sql
            FROM sqlite_master
            WHERE name='index_goals_on_user_id' AND type='index'
            UNION ALL
            SELECT sql
            FROM sqlite_temp_master
            WHERE name='index_goals_on_user_id' AND type='index'

  [1m[36m (0.1ms)[0m  [1m            SELECT sql
            FROM sqlite_master
            WHERE name='index_users_on_username' AND type='index'
            UNION ALL
            SELECT sql
            FROM sqlite_temp_master
            WHERE name='index_users_on_username' AND type='index'
[0m
  [1m[35m (0.1ms)[0m              SELECT sql
            FROM sqlite_master
            WHERE name='index_users_on_session_token' AND type='index'
            UNION ALL
            SELECT sql
            FROM sqlite_temp_master
            WHERE name='index_users_on_session_token' AND type='index'



Started GET "/" for 127.0.0.1 at 2014-11-03 16:09:48 -0800
  [1m[36mActiveRecord::SchemaMigration Load (0.1ms)[0m  [1mSELECT "schema_migrations".* FROM "schema_migrations"[0m
Processing by Rails::WelcomeController#index as HTML
  Rendered /Users/appacademy/.rbenv/versions/2.1.2/lib/ruby/gems/2.1.0/gems/railties-4.1.6/lib/rails/templates/rails/welcome/index.html.erb (1.7ms)
Completed 200 OK in 18ms (Views: 8.0ms | ActiveRecord: 0.0ms)


Started GET "/users/new" for 127.0.0.1 at 2014-11-03 16:09:52 -0800
Processing by UsersController#new as HTML
  [1m[35mUser Load (0.2ms)[0m  SELECT  "users".* FROM "users"  WHERE "users"."session_token" IS NULL LIMIT 1
  Rendered users/new.html.erb within layouts/application (5.9ms)
  [1m[36mCACHE (0.0ms)[0m  [1mSELECT  "users".* FROM "users"  WHERE "users"."session_token" IS NULL LIMIT 1[0m
  Rendered application/_navbar.html.erb (2.3ms)
Completed 200 OK in 1369ms (Views: 1359.9ms | ActiveRecord: 0.6ms)


Started GET "/users/new" for 127.0.0.1 at 2014-11-03 16:09:53 -0800
Processing by UsersController#new as HTML
  [1m[35mUser Load (0.2ms)[0m  SELECT  "users".* FROM "users"  WHERE "users"."session_token" IS NULL LIMIT 1
  Rendered users/new.html.erb within layouts/application (0.4ms)
  [1m[36mCACHE (0.0ms)[0m  [1mSELECT  "users".* FROM "users"  WHERE "users"."session_token" IS NULL LIMIT 1[0m
  Rendered application/_navbar.html.erb (1.1ms)
Completed 200 OK in 99ms (Views: 97.2ms | ActiveRecord: 0.3ms)


Started GET "/assets/goals.css?body=1" for 127.0.0.1 at 2014-11-03 16:09:54 -0800


Started GET "/assets/sessions.css?body=1" for 127.0.0.1 at 2014-11-03 16:09:54 -0800


Started GET "/assets/users.css?body=1" for 127.0.0.1 at 2014-11-03 16:09:54 -0800


Started GET "/assets/goals.js?body=1" for 127.0.0.1 at 2014-11-03 16:09:54 -0800


Started GET "/assets/sessions.js?body=1" for 127.0.0.1 at 2014-11-03 16:09:54 -0800


Started GET "/assets/application.css?body=1" for 127.0.0.1 at 2014-11-03 16:09:54 -0800


Started GET "/assets/jquery.js?body=1" for 127.0.0.1 at 2014-11-03 16:09:54 -0800


Started GET "/assets/jquery_ujs.js?body=1" for 127.0.0.1 at 2014-11-03 16:09:54 -0800


Started GET "/assets/turbolinks.js?body=1" for 127.0.0.1 at 2014-11-03 16:09:54 -0800


Started GET "/assets/users.js?body=1" for 127.0.0.1 at 2014-11-03 16:09:54 -0800


Started GET "/assets/application.js?body=1" for 127.0.0.1 at 2014-11-03 16:09:54 -0800


Started POST "/users" for 127.0.0.1 at 2014-11-03 16:10:07 -0800
Processing by UsersController#create as HTML
  Parameters: {"authenticity_token"=>"yHUCHOrQpcIGnhuylyTjhP4rH5ml09CxBzauakL5614=", "user"=>{"username"=>"billy", "password"=>"[FILTERED]"}}
  [1m[35mUser Load (0.2ms)[0m  SELECT  "users".* FROM "users"  WHERE "users"."session_token" IS NULL LIMIT 1
  [1m[36m (0.1ms)[0m  [1mbegin transaction[0m
Binary data inserted for `string` type on column `password_digest`
  [1m[35mSQL (0.5ms)[0m  INSERT INTO "users" ("created_at", "password_digest", "session_token", "updated_at", "username") VALUES (?, ?, ?, ?, ?)  [["created_at", "2014-11-04 00:10:08.090725"], ["password_digest", "$2a$10$8B.yFXdQbA6FsFIi4pnsgO4jYJINPuKp7PMb3PLijek4RgYyzuc2u"], ["session_token", "OcaG3ee_ldqJCmcz5sS9fg"], ["updated_at", "2014-11-04 00:10:08.090725"], ["username", "billy"]]
  [1m[36m (0.8ms)[0m  [1mcommit transaction[0m
  [1m[35m (0.1ms)[0m  begin transaction
  [1m[36mSQL (0.3ms)[0m  [1mUPDATE "users" SET "session_token" = ?, "updated_at" = ? WHERE "users"."id" = 1[0m  [["session_token", "LkS_SthFRDNRT5q1FtaLlg"], ["updated_at", "2014-11-04 00:10:08.097018"]]
  [1m[35m (1.0ms)[0m  commit transaction
Redirected to http://localhost:3000/goals
Completed 302 Found in 100ms (ActiveRecord: 3.0ms)


Started GET "/goals" for 127.0.0.1 at 2014-11-03 16:10:08 -0800
Processing by GoalsController#index as HTML
  [1m[36mUser Load (0.2ms)[0m  [1mSELECT  "users".* FROM "users"  WHERE "users"."session_token" = 'LkS_SthFRDNRT5q1FtaLlg' LIMIT 1[0m
  Rendered goals/index.html.erb within layouts/application (0.5ms)
  [1m[35mCACHE (0.0ms)[0m  SELECT  "users".* FROM "users"  WHERE "users"."session_token" = 'LkS_SthFRDNRT5q1FtaLlg' LIMIT 1
  [1m[36mCACHE (0.0ms)[0m  [1mSELECT  "users".* FROM "users"  WHERE "users"."session_token" = 'LkS_SthFRDNRT5q1FtaLlg' LIMIT 1[0m
  Rendered application/_navbar.html.erb (2.1ms)
Completed 200 OK in 87ms (Views: 83.0ms | ActiveRecord: 0.3ms)


Started GET "/assets/users.css?body=1" for 127.0.0.1 at 2014-11-03 16:10:08 -0800


Started GET "/assets/turbolinks.js?body=1" for 127.0.0.1 at 2014-11-03 16:10:08 -0800


Started GET "/assets/jquery.js?body=1" for 127.0.0.1 at 2014-11-03 16:10:08 -0800


Started GET "/assets/jquery_ujs.js?body=1" for 127.0.0.1 at 2014-11-03 16:10:08 -0800


Started GET "/assets/sessions.js?body=1" for 127.0.0.1 at 2014-11-03 16:10:08 -0800


Started GET "/assets/application.css?body=1" for 127.0.0.1 at 2014-11-03 16:10:08 -0800


Started GET "/assets/users.js?body=1" for 127.0.0.1 at 2014-11-03 16:10:08 -0800


Started GET "/assets/application.js?body=1" for 127.0.0.1 at 2014-11-03 16:10:08 -0800


Started GET "/assets/sessions.css?body=1" for 127.0.0.1 at 2014-11-03 16:10:08 -0800


Started GET "/goals/new" for 127.0.0.1 at 2014-11-03 16:10:16 -0800
Processing by GoalsController#new as HTML
  [1m[35mUser Load (0.2ms)[0m  SELECT  "users".* FROM "users"  WHERE "users"."session_token" = 'LkS_SthFRDNRT5q1FtaLlg' LIMIT 1
  Rendered goals/new.html.erb within layouts/application (5.6ms)
  [1m[36mCACHE (0.0ms)[0m  [1mSELECT  "users".* FROM "users"  WHERE "users"."session_token" = 'LkS_SthFRDNRT5q1FtaLlg' LIMIT 1[0m
  [1m[35mCACHE (0.0ms)[0m  SELECT  "users".* FROM "users"  WHERE "users"."session_token" = 'LkS_SthFRDNRT5q1FtaLlg' LIMIT 1
  Rendered application/_navbar.html.erb (1.7ms)
Completed 200 OK in 91ms (Views: 88.7ms | ActiveRecord: 0.6ms)


Started GET "/assets/users.css?body=1" for 127.0.0.1 at 2014-11-03 16:10:16 -0800


Started GET "/assets/jquery.js?body=1" for 127.0.0.1 at 2014-11-03 16:10:16 -0800


Started GET "/assets/sessions.js?body=1" for 127.0.0.1 at 2014-11-03 16:10:16 -0800


Started GET "/assets/application.css?body=1" for 127.0.0.1 at 2014-11-03 16:10:16 -0800


Started GET "/assets/turbolinks.js?body=1" for 127.0.0.1 at 2014-11-03 16:10:16 -0800


Started GET "/assets/jquery_ujs.js?body=1" for 127.0.0.1 at 2014-11-03 16:10:16 -0800


Started GET "/assets/sessions.css?body=1" for 127.0.0.1 at 2014-11-03 16:10:16 -0800


Started GET "/assets/users.js?body=1" for 127.0.0.1 at 2014-11-03 16:10:16 -0800


Started GET "/assets/application.js?body=1" for 127.0.0.1 at 2014-11-03 16:10:16 -0800


Started DELETE "/session" for 127.0.0.1 at 2014-11-03 16:10:23 -0800
Processing by SessionsController#destroy as HTML
  Parameters: {"authenticity_token"=>"yHUCHOrQpcIGnhuylyTjhP4rH5ml09CxBzauakL5614="}
  [1m[36mUser Load (0.2ms)[0m  [1mSELECT  "users".* FROM "users"  WHERE "users"."session_token" = 'LkS_SthFRDNRT5q1FtaLlg' LIMIT 1[0m
  [1m[35mCACHE (0.0ms)[0m  SELECT  "users".* FROM "users"  WHERE "users"."session_token" = 'LkS_SthFRDNRT5q1FtaLlg' LIMIT 1
  [1m[36m (0.1ms)[0m  [1mbegin transaction[0m
  [1m[35mSQL (0.3ms)[0m  UPDATE "users" SET "session_token" = ?, "updated_at" = ? WHERE "users"."id" = 1  [["session_token", "f7-vXNjYNvMsbD9fa1DbPQ"], ["updated_at", "2014-11-04 00:10:23.938831"]]
  [1m[36m (5.0ms)[0m  [1mcommit transaction[0m
Redirected to http://localhost:3000/session/new
Completed 302 Found in 10ms (ActiveRecord: 5.7ms)


Started GET "/session/new" for 127.0.0.1 at 2014-11-03 16:10:24 -0800
Processing by SessionsController#new as HTML
  [1m[35mUser Load (0.2ms)[0m  SELECT  "users".* FROM "users"  WHERE "users"."session_token" IS NULL LIMIT 1
  Rendered sessions/new.html.erb within layouts/application (0.7ms)
  [1m[36mCACHE (0.0ms)[0m  [1mSELECT  "users".* FROM "users"  WHERE "users"."session_token" IS NULL LIMIT 1[0m
  Rendered application/_navbar.html.erb (1.0ms)
Completed 200 OK in 95ms (Views: 93.0ms | ActiveRecord: 0.2ms)


Started GET "/assets/users.css?body=1" for 127.0.0.1 at 2014-11-03 16:10:24 -0800


Started GET "/assets/jquery_ujs.js?body=1" for 127.0.0.1 at 2014-11-03 16:10:24 -0800


Started GET "/assets/turbolinks.js?body=1" for 127.0.0.1 at 2014-11-03 16:10:24 -0800


Started GET "/assets/sessions.css?body=1" for 127.0.0.1 at 2014-11-03 16:10:24 -0800


Started GET "/assets/users.js?body=1" for 127.0.0.1 at 2014-11-03 16:10:24 -0800


Started GET "/assets/sessions.js?body=1" for 127.0.0.1 at 2014-11-03 16:10:24 -0800


Started GET "/assets/jquery.js?body=1" for 127.0.0.1 at 2014-11-03 16:10:24 -0800


Started GET "/assets/application.css?body=1" for 127.0.0.1 at 2014-11-03 16:10:24 -0800


Started GET "/assets/application.js?body=1" for 127.0.0.1 at 2014-11-03 16:10:24 -0800


Started GET "/session/new" for 127.0.0.1 at 2014-11-03 16:10:25 -0800
Processing by SessionsController#new as HTML
  [1m[35mUser Load (0.2ms)[0m  SELECT  "users".* FROM "users"  WHERE "users"."session_token" IS NULL LIMIT 1
  Rendered sessions/new.html.erb within layouts/application (0.9ms)
  [1m[36mCACHE (0.0ms)[0m  [1mSELECT  "users".* FROM "users"  WHERE "users"."session_token" IS NULL LIMIT 1[0m
  Rendered application/_navbar.html.erb (1.7ms)
Completed 200 OK in 102ms (Views: 99.3ms | ActiveRecord: 0.2ms)


Started POST "/users" for 127.0.0.1 at 2014-11-03 16:10:30 -0800
Processing by UsersController#create as HTML
  Parameters: {"authenticity_token"=>"yHUCHOrQpcIGnhuylyTjhP4rH5ml09CxBzauakL5614=", "user"=>{"username"=>"billy", "password"=>"[FILTERED]"}}
  [1m[35mUser Load (0.2ms)[0m  SELECT  "users".* FROM "users"  WHERE "users"."session_token" IS NULL LIMIT 1
  [1m[36m (0.1ms)[0m  [1mbegin transaction[0m
Binary data inserted for `string` type on column `password_digest`
  [1m[35mSQL (0.5ms)[0m  INSERT INTO "users" ("created_at", "password_digest", "session_token", "updated_at", "username") VALUES (?, ?, ?, ?, ?)  [["created_at", "2014-11-04 00:10:30.342575"], ["password_digest", "$2a$10$M.JGvj43vtqECZQxmTOrAeqWuUggJNN319LZV07ApwefIJLcepchO"], ["session_token", "LnwkA4PpfFOr468xAYscSw"], ["updated_at", "2014-11-04 00:10:30.342575"], ["username", "billy"]]
SQLite3::ConstraintException: column username is not unique: INSERT INTO "users" ("created_at", "password_digest", "session_token", "updated_at", "username") VALUES (?, ?, ?, ?, ?)
  [1m[36m (0.2ms)[0m  [1mrollback transaction[0m
Completed 500 Internal Server Error in 86ms

ActiveRecord::RecordNotUnique (SQLite3::ConstraintException: column username is not unique: INSERT INTO "users" ("created_at", "password_digest", "session_token", "updated_at", "username") VALUES (?, ?, ?, ?, ?)):
  app/controllers/users_controller.rb:9:in `create'


  Rendered /Users/appacademy/.rbenv/versions/2.1.2/lib/ruby/gems/2.1.0/gems/actionpack-4.1.6/lib/action_dispatch/middleware/templates/rescues/_source.erb (1.1ms)
  Rendered /Users/appacademy/.rbenv/versions/2.1.2/lib/ruby/gems/2.1.0/gems/actionpack-4.1.6/lib/action_dispatch/middleware/templates/rescues/_trace.html.erb (1.5ms)
  Rendered /Users/appacademy/.rbenv/versions/2.1.2/lib/ruby/gems/2.1.0/gems/actionpack-4.1.6/lib/action_dispatch/middleware/templates/rescues/_request_and_response.html.erb (1.8ms)
  Rendered /Users/appacademy/.rbenv/versions/2.1.2/lib/ruby/gems/2.1.0/gems/actionpack-4.1.6/lib/action_dispatch/middleware/templates/rescues/diagnostics.erb within rescues/layout (56.1ms)


Started POST "/users" for 127.0.0.1 at 2014-11-03 16:10:58 -0800
Processing by UsersController#create as HTML
  Parameters: {"authenticity_token"=>"yHUCHOrQpcIGnhuylyTjhP4rH5ml09CxBzauakL5614=", "user"=>{"username"=>"billy", "password"=>"[FILTERED]"}}
  [1m[35mUser Load (0.2ms)[0m  SELECT  "users".* FROM "users"  WHERE "users"."session_token" IS NULL LIMIT 1
  [1m[36m (0.1ms)[0m  [1mbegin transaction[0m
Binary data inserted for `string` type on column `password_digest`
  [1m[35mSQL (0.4ms)[0m  INSERT INTO "users" ("created_at", "password_digest", "session_token", "updated_at", "username") VALUES (?, ?, ?, ?, ?)  [["created_at", "2014-11-04 00:10:58.724120"], ["password_digest", "$2a$10$OBe2FMJeo0A7CmGtoYMQ3..CadRSfJxYgvYLumyQ.AYUNQqEZh/bm"], ["session_token", "9rm7Rashs7UDybdHp99-6w"], ["updated_at", "2014-11-04 00:10:58.724120"], ["username", "billy"]]
SQLite3::ConstraintException: column username is not unique: INSERT INTO "users" ("created_at", "password_digest", "session_token", "updated_at", "username") VALUES (?, ?, ?, ?, ?)
  [1m[36m (0.1ms)[0m  [1mrollback transaction[0m
Completed 500 Internal Server Error in 87ms

ActiveRecord::RecordNotUnique (SQLite3::ConstraintException: column username is not unique: INSERT INTO "users" ("created_at", "password_digest", "session_token", "updated_at", "username") VALUES (?, ?, ?, ?, ?)):
  app/controllers/users_controller.rb:9:in `create'


  Rendered /Users/appacademy/.rbenv/versions/2.1.2/lib/ruby/gems/2.1.0/gems/actionpack-4.1.6/lib/action_dispatch/middleware/templates/rescues/_source.erb (0.8ms)
  Rendered /Users/appacademy/.rbenv/versions/2.1.2/lib/ruby/gems/2.1.0/gems/actionpack-4.1.6/lib/action_dispatch/middleware/templates/rescues/_trace.html.erb (1.9ms)
  Rendered /Users/appacademy/.rbenv/versions/2.1.2/lib/ruby/gems/2.1.0/gems/actionpack-4.1.6/lib/action_dispatch/middleware/templates/rescues/_request_and_response.html.erb (1.4ms)
  Rendered /Users/appacademy/.rbenv/versions/2.1.2/lib/ruby/gems/2.1.0/gems/actionpack-4.1.6/lib/action_dispatch/middleware/templates/rescues/diagnostics.erb within rescues/layout (20.6ms)


Started GET "/session/new" for 127.0.0.1 at 2014-11-03 16:11:01 -0800
Processing by SessionsController#new as HTML
  [1m[35mUser Load (0.2ms)[0m  SELECT  "users".* FROM "users"  WHERE "users"."session_token" IS NULL LIMIT 1
  Rendered sessions/new.html.erb within layouts/application (1.0ms)
  [1m[36mCACHE (0.0ms)[0m  [1mSELECT  "users".* FROM "users"  WHERE "users"."session_token" IS NULL LIMIT 1[0m
  Rendered application/_navbar.html.erb (1.1ms)
Completed 200 OK in 87ms (Views: 85.1ms | ActiveRecord: 0.2ms)


Started GET "/assets/application.css?body=1" for 127.0.0.1 at 2014-11-03 16:11:01 -0800


Started GET "/assets/jquery_ujs.js?body=1" for 127.0.0.1 at 2014-11-03 16:11:01 -0800


Started GET "/assets/sessions.css?body=1" for 127.0.0.1 at 2014-11-03 16:11:01 -0800


Started GET "/assets/goals.css?body=1" for 127.0.0.1 at 2014-11-03 16:11:01 -0800


Started GET "/assets/turbolinks.js?body=1" for 127.0.0.1 at 2014-11-03 16:11:01 -0800


Started GET "/assets/jquery.js?body=1" for 127.0.0.1 at 2014-11-03 16:11:01 -0800


Started GET "/assets/goals.js?body=1" for 127.0.0.1 at 2014-11-03 16:11:01 -0800


Started GET "/assets/users.css?body=1" for 127.0.0.1 at 2014-11-03 16:11:01 -0800


Started GET "/assets/sessions.js?body=1" for 127.0.0.1 at 2014-11-03 16:11:01 -0800


Started GET "/assets/application.js?body=1" for 127.0.0.1 at 2014-11-03 16:11:01 -0800


Started GET "/assets/users.js?body=1" for 127.0.0.1 at 2014-11-03 16:11:01 -0800


Started POST "/session" for 127.0.0.1 at 2014-11-03 16:11:08 -0800
Processing by SessionsController#create as HTML
  Parameters: {"authenticity_token"=>"yHUCHOrQpcIGnhuylyTjhP4rH5ml09CxBzauakL5614=", "user"=>{"username"=>"billy", "password"=>"[FILTERED]"}}
  [1m[35mUser Load (0.2ms)[0m  SELECT  "users".* FROM "users"  WHERE "users"."session_token" IS NULL LIMIT 1
  [1m[36mUser Load (0.1ms)[0m  [1mSELECT  "users".* FROM "users"  WHERE "users"."username" = 'billy' LIMIT 1[0m
  [1m[35m (0.1ms)[0m  begin transaction
  [1m[36mSQL (0.5ms)[0m  [1mUPDATE "users" SET "session_token" = ?, "updated_at" = ? WHERE "users"."id" = 1[0m  [["session_token", "rvehGrB2Wb6iX4Wxc-8IWg"], ["updated_at", "2014-11-04 00:11:08.672314"]]
  [1m[35m (1.6ms)[0m  commit transaction
Redirected to http://localhost:3000/goals
Completed 302 Found in 89ms (ActiveRecord: 2.5ms)


Started GET "/goals" for 127.0.0.1 at 2014-11-03 16:11:08 -0800
Processing by GoalsController#index as HTML
  [1m[36mUser Load (0.2ms)[0m  [1mSELECT  "users".* FROM "users"  WHERE "users"."session_token" = 'rvehGrB2Wb6iX4Wxc-8IWg' LIMIT 1[0m
  Rendered goals/index.html.erb within layouts/application (0.1ms)
  [1m[35mCACHE (0.0ms)[0m  SELECT  "users".* FROM "users"  WHERE "users"."session_token" = 'rvehGrB2Wb6iX4Wxc-8IWg' LIMIT 1
  [1m[36mCACHE (0.0ms)[0m  [1mSELECT  "users".* FROM "users"  WHERE "users"."session_token" = 'rvehGrB2Wb6iX4Wxc-8IWg' LIMIT 1[0m
  Rendered application/_navbar.html.erb (1.4ms)
Completed 200 OK in 78ms (Views: 76.6ms | ActiveRecord: 0.2ms)


Started GET "/assets/sessions.css?body=1" for 127.0.0.1 at 2014-11-03 16:11:08 -0800


Started GET "/assets/users.css?body=1" for 127.0.0.1 at 2014-11-03 16:11:08 -0800


Started GET "/assets/application.css?body=1" for 127.0.0.1 at 2014-11-03 16:11:08 -0800


Started GET "/assets/turbolinks.js?body=1" for 127.0.0.1 at 2014-11-03 16:11:08 -0800


Started GET "/assets/jquery_ujs.js?body=1" for 127.0.0.1 at 2014-11-03 16:11:08 -0800


Started GET "/assets/jquery.js?body=1" for 127.0.0.1 at 2014-11-03 16:11:08 -0800


Started GET "/assets/goals.js?body=1" for 127.0.0.1 at 2014-11-03 16:11:08 -0800


Started GET "/assets/sessions.js?body=1" for 127.0.0.1 at 2014-11-03 16:11:08 -0800


Started GET "/assets/goals.css?body=1" for 127.0.0.1 at 2014-11-03 16:11:08 -0800


Started GET "/assets/users.js?body=1" for 127.0.0.1 at 2014-11-03 16:11:08 -0800


Started GET "/assets/application.js?body=1" for 127.0.0.1 at 2014-11-03 16:11:08 -0800


Started GET "/" for 127.0.0.1 at 2014-11-03 16:42:39 -0800
  [1m[36mActiveRecord::SchemaMigration Load (0.1ms)[0m  [1mSELECT "schema_migrations".* FROM "schema_migrations"[0m
Processing by Rails::WelcomeController#index as HTML
  Rendered /Users/appacademy/.rbenv/versions/2.1.2/lib/ruby/gems/2.1.0/gems/railties-4.1.6/lib/rails/templates/rails/welcome/index.html.erb (2.7ms)
Completed 200 OK in 25ms (Views: 11.2ms | ActiveRecord: 0.0ms)


Started GET "/goals/new" for 127.0.0.1 at 2014-11-03 16:42:44 -0800
Processing by GoalsController#new as HTML
  [1m[35mUser Load (0.1ms)[0m  SELECT  "users".* FROM "users"  WHERE "users"."session_token" = 'rvehGrB2Wb6iX4Wxc-8IWg' LIMIT 1
  Rendered goals/new.html.erb within layouts/application (4.6ms)
  [1m[36mCACHE (0.1ms)[0m  [1mSELECT  "users".* FROM "users"  WHERE "users"."session_token" = 'rvehGrB2Wb6iX4Wxc-8IWg' LIMIT 1[0m
  [1m[35mCACHE (0.0ms)[0m  SELECT  "users".* FROM "users"  WHERE "users"."session_token" = 'rvehGrB2Wb6iX4Wxc-8IWg' LIMIT 1
  Rendered application/_navbar.html.erb (2.5ms)
Completed 200 OK in 170ms (Views: 158.6ms | ActiveRecord: 0.8ms)


Started GET "/assets/users.css?body=1" for 127.0.0.1 at 2014-11-03 16:42:44 -0800


Started GET "/assets/sessions.css?body=1" for 127.0.0.1 at 2014-11-03 16:42:44 -0800


Started GET "/assets/application.css?body=1" for 127.0.0.1 at 2014-11-03 16:42:44 -0800


Started GET "/assets/jquery_ujs.js?body=1" for 127.0.0.1 at 2014-11-03 16:42:44 -0800


Started GET "/assets/jquery.js?body=1" for 127.0.0.1 at 2014-11-03 16:42:44 -0800


Started GET "/assets/goals.css?body=1" for 127.0.0.1 at 2014-11-03 16:42:44 -0800


Started GET "/assets/turbolinks.js?body=1" for 127.0.0.1 at 2014-11-03 16:42:44 -0800


Started GET "/assets/goals.js?body=1" for 127.0.0.1 at 2014-11-03 16:42:45 -0800


Started GET "/assets/sessions.js?body=1" for 127.0.0.1 at 2014-11-03 16:42:45 -0800


Started GET "/assets/users.js?body=1" for 127.0.0.1 at 2014-11-03 16:42:45 -0800


Started GET "/assets/application.js?body=1" for 127.0.0.1 at 2014-11-03 16:42:45 -0800


Started POST "/goals" for 127.0.0.1 at 2014-11-03 16:42:51 -0800
Processing by GoalsController#create as HTML
  Parameters: {"authenticity_token"=>"yHUCHOrQpcIGnhuylyTjhP4rH5ml09CxBzauakL5614=", "goal"=>{"body"=>"THIS IS MY GOAL!", "status"=>"PRIVATE"}}
  [1m[36mUser Load (0.4ms)[0m  [1mSELECT  "users".* FROM "users"  WHERE "users"."session_token" = 'rvehGrB2Wb6iX4Wxc-8IWg' LIMIT 1[0m
  [1m[35mCACHE (0.0ms)[0m  SELECT  "users".* FROM "users"  WHERE "users"."session_token" = 'rvehGrB2Wb6iX4Wxc-8IWg' LIMIT 1
  [1m[36m (0.1ms)[0m  [1mbegin transaction[0m
  [1m[35mUser Load (0.3ms)[0m  SELECT  "users".* FROM "users"  WHERE "users"."id" = ? LIMIT 1  [["id", 1]]
  [1m[36mSQL (0.7ms)[0m  [1mINSERT INTO "goals" ("body", "created_at", "updated_at", "user_id") VALUES (?, ?, ?, ?)[0m  [["body", "THIS IS MY GOAL!"], ["created_at", "2014-11-04 00:42:51.260822"], ["updated_at", "2014-11-04 00:42:51.260822"], ["user_id", 1]]
  [1m[35m (1.6ms)[0m  commit transaction
Redirected to http://localhost:3000/goals/1
Completed 302 Found in 25ms (ActiveRecord: 3.1ms)


Started GET "/goals/1" for 127.0.0.1 at 2014-11-03 16:42:51 -0800
Processing by GoalsController#show as HTML
  Parameters: {"id"=>"1"}
  [1m[36mUser Load (0.2ms)[0m  [1mSELECT  "users".* FROM "users"  WHERE "users"."session_token" = 'rvehGrB2Wb6iX4Wxc-8IWg' LIMIT 1[0m
  [1m[35mGoal Load (0.2ms)[0m  SELECT  "goals".* FROM "goals"  WHERE "goals"."id" = ? LIMIT 1  [["id", 1]]
  Rendered goals/show.html.erb within layouts/application (1.7ms)
  [1m[36mCACHE (0.0ms)[0m  [1mSELECT  "users".* FROM "users"  WHERE "users"."session_token" = 'rvehGrB2Wb6iX4Wxc-8IWg' LIMIT 1[0m
  [1m[35mCACHE (0.0ms)[0m  SELECT  "users".* FROM "users"  WHERE "users"."session_token" = 'rvehGrB2Wb6iX4Wxc-8IWg' LIMIT 1
  Rendered application/_navbar.html.erb (1.6ms)
Completed 200 OK in 89ms (Views: 85.8ms | ActiveRecord: 0.5ms)


Started GET "/assets/sessions.css?body=1" for 127.0.0.1 at 2014-11-03 16:42:51 -0800


Started GET "/assets/users.css?body=1" for 127.0.0.1 at 2014-11-03 16:42:51 -0800


Started GET "/assets/jquery_ujs.js?body=1" for 127.0.0.1 at 2014-11-03 16:42:51 -0800


Started GET "/assets/application.css?body=1" for 127.0.0.1 at 2014-11-03 16:42:51 -0800


Started GET "/assets/turbolinks.js?body=1" for 127.0.0.1 at 2014-11-03 16:42:51 -0800


Started GET "/assets/sessions.js?body=1" for 127.0.0.1 at 2014-11-03 16:42:51 -0800


Started GET "/assets/jquery.js?body=1" for 127.0.0.1 at 2014-11-03 16:42:51 -0800


Started GET "/assets/goals.js?body=1" for 127.0.0.1 at 2014-11-03 16:42:51 -0800


Started GET "/assets/users.js?body=1" for 127.0.0.1 at 2014-11-03 16:42:51 -0800


Started GET "/assets/application.js?body=1" for 127.0.0.1 at 2014-11-03 16:42:51 -0800


Started GET "/assets/goals.css?body=1" for 127.0.0.1 at 2014-11-03 16:42:51 -0800


Started GET "/goals/1/edit" for 127.0.0.1 at 2014-11-03 16:42:54 -0800
Processing by GoalsController#edit as HTML
  Parameters: {"id"=>"1"}
  [1m[36mUser Load (0.2ms)[0m  [1mSELECT  "users".* FROM "users"  WHERE "users"."session_token" = 'rvehGrB2Wb6iX4Wxc-8IWg' LIMIT 1[0m
  [1m[35mGoal Load (0.1ms)[0m  SELECT  "goals".* FROM "goals"  WHERE "goals"."id" = ? LIMIT 1  [["id", 1]]
  [1m[36mCACHE (0.0ms)[0m  [1mSELECT  "users".* FROM "users"  WHERE "users"."session_token" = 'rvehGrB2Wb6iX4Wxc-8IWg' LIMIT 1[0m
  [1m[35mCACHE (0.0ms)[0m  SELECT  "goals".* FROM "goals"  WHERE "goals"."id" = ? LIMIT 1  [["id", "1"]]
Completed 500 Internal Server Error in 8ms

ActionView::MissingTemplate (Missing template goals/edit, application/edit with {:locale=>[:en], :formats=>[:html, :xml], :variants=>[], :handlers=>[:erb, :builder, :raw, :ruby, :coffee, :jbuilder]}. Searched in:
  * "/Users/appacademy/Desktop/GoalSetter/app/views"
):
  actionview (4.1.6) lib/action_view/path_set.rb:46:in `find'
  actionview (4.1.6) lib/action_view/lookup_context.rb:124:in `find'
  actionview (4.1.6) lib/action_view/renderer/abstract_renderer.rb:18:in `find_template'
  actionview (4.1.6) lib/action_view/renderer/template_renderer.rb:41:in `determine_template'
  actionview (4.1.6) lib/action_view/renderer/template_renderer.rb:8:in `render'
  actionview (4.1.6) lib/action_view/renderer/renderer.rb:42:in `render_template'
  actionview (4.1.6) lib/action_view/renderer/renderer.rb:23:in `render'
  actionview (4.1.6) lib/action_view/rendering.rb:99:in `_render_template'
  actionpack (4.1.6) lib/action_controller/metal/streaming.rb:217:in `_render_template'
  actionview (4.1.6) lib/action_view/rendering.rb:82:in `render_to_body'
  actionpack (4.1.6) lib/action_controller/metal/rendering.rb:32:in `render_to_body'
  actionpack (4.1.6) lib/action_controller/metal/renderers.rb:32:in `render_to_body'
  actionpack (4.1.6) lib/abstract_controller/rendering.rb:25:in `render'
  actionpack (4.1.6) lib/action_controller/metal/rendering.rb:16:in `render'
  actionpack (4.1.6) lib/action_controller/metal/instrumentation.rb:41:in `block (2 levels) in render'
  activesupport (4.1.6) lib/active_support/core_ext/benchmark.rb:12:in `block in ms'
  /Users/appacademy/.rbenv/versions/2.1.2/lib/ruby/2.1.0/benchmark.rb:294:in `realtime'
  activesupport (4.1.6) lib/active_support/core_ext/benchmark.rb:12:in `ms'
  actionpack (4.1.6) lib/action_controller/metal/instrumentation.rb:41:in `block in render'
  actionpack (4.1.6) lib/action_controller/metal/instrumentation.rb:84:in `cleanup_view_runtime'
  activerecord (4.1.6) lib/active_record/railties/controller_runtime.rb:25:in `cleanup_view_runtime'
  actionpack (4.1.6) lib/action_controller/metal/instrumentation.rb:40:in `render'
  actionpack (4.1.6) lib/action_controller/metal/implicit_render.rb:10:in `default_render'
  actionpack (4.1.6) lib/action_controller/metal/implicit_render.rb:5:in `send_action'
  actionpack (4.1.6) lib/abstract_controller/base.rb:189:in `process_action'
  actionpack (4.1.6) lib/action_controller/metal/rendering.rb:10:in `process_action'
  actionpack (4.1.6) lib/abstract_controller/callbacks.rb:20:in `block in process_action'
  activesupport (4.1.6) lib/active_support/callbacks.rb:113:in `call'
  activesupport (4.1.6) lib/active_support/callbacks.rb:113:in `call'
  activesupport (4.1.6) lib/active_support/callbacks.rb:149:in `block in halting_and_conditional'
  activesupport (4.1.6) lib/active_support/callbacks.rb:166:in `call'
  activesupport (4.1.6) lib/active_support/callbacks.rb:166:in `block in halting'
  activesupport (4.1.6) lib/active_support/callbacks.rb:229:in `call'
  activesupport (4.1.6) lib/active_support/callbacks.rb:229:in `block in halting'
  activesupport (4.1.6) lib/active_support/callbacks.rb:229:in `call'
  activesupport (4.1.6) lib/active_support/callbacks.rb:229:in `block in halting'
  activesupport (4.1.6) lib/active_support/callbacks.rb:166:in `call'
  activesupport (4.1.6) lib/active_support/callbacks.rb:166:in `block in halting'
  activesupport (4.1.6) lib/active_support/callbacks.rb:166:in `call'
  activesupport (4.1.6) lib/active_support/callbacks.rb:166:in `block in halting'
  activesupport (4.1.6) lib/active_support/callbacks.rb:166:in `call'
  activesupport (4.1.6) lib/active_support/callbacks.rb:166:in `block in halting'
  activesupport (4.1.6) lib/active_support/callbacks.rb:86:in `call'
  activesupport (4.1.6) lib/active_support/callbacks.rb:86:in `run_callbacks'
  actionpack (4.1.6) lib/abstract_controller/callbacks.rb:19:in `process_action'
  actionpack (4.1.6) lib/action_controller/metal/rescue.rb:29:in `process_action'
  actionpack (4.1.6) lib/action_controller/metal/instrumentation.rb:31:in `block in process_action'
  activesupport (4.1.6) lib/active_support/notifications.rb:159:in `block in instrument'
  activesupport (4.1.6) lib/active_support/notifications/instrumenter.rb:20:in `instrument'
  activesupport (4.1.6) lib/active_support/notifications.rb:159:in `instrument'
  actionpack (4.1.6) lib/action_controller/metal/instrumentation.rb:30:in `process_action'
  actionpack (4.1.6) lib/action_controller/metal/params_wrapper.rb:250:in `process_action'
  activerecord (4.1.6) lib/active_record/railties/controller_runtime.rb:18:in `process_action'
  actionpack (4.1.6) lib/abstract_controller/base.rb:136:in `process'
  actionview (4.1.6) lib/action_view/rendering.rb:30:in `process'
  actionpack (4.1.6) lib/action_controller/metal.rb:196:in `dispatch'
  actionpack (4.1.6) lib/action_controller/metal/rack_delegation.rb:13:in `dispatch'
  actionpack (4.1.6) lib/action_controller/metal.rb:232:in `block in action'
  actionpack (4.1.6) lib/action_dispatch/routing/route_set.rb:82:in `call'
  actionpack (4.1.6) lib/action_dispatch/routing/route_set.rb:82:in `dispatch'
  actionpack (4.1.6) lib/action_dispatch/routing/route_set.rb:50:in `call'
  actionpack (4.1.6) lib/action_dispatch/journey/router.rb:73:in `block in call'
  actionpack (4.1.6) lib/action_dispatch/journey/router.rb:59:in `each'
  actionpack (4.1.6) lib/action_dispatch/journey/router.rb:59:in `call'
  actionpack (4.1.6) lib/action_dispatch/routing/route_set.rb:678:in `call'
  rack (1.5.2) lib/rack/etag.rb:23:in `call'
  rack (1.5.2) lib/rack/conditionalget.rb:25:in `call'
  rack (1.5.2) lib/rack/head.rb:11:in `call'
  actionpack (4.1.6) lib/action_dispatch/middleware/params_parser.rb:27:in `call'
  actionpack (4.1.6) lib/action_dispatch/middleware/flash.rb:254:in `call'
  rack (1.5.2) lib/rack/session/abstract/id.rb:225:in `context'
  rack (1.5.2) lib/rack/session/abstract/id.rb:220:in `call'
  actionpack (4.1.6) lib/action_dispatch/middleware/cookies.rb:560:in `call'
  activerecord (4.1.6) lib/active_record/query_cache.rb:36:in `call'
  activerecord (4.1.6) lib/active_record/connection_adapters/abstract/connection_pool.rb:621:in `call'
  activerecord (4.1.6) lib/active_record/migration.rb:380:in `call'
  actionpack (4.1.6) lib/action_dispatch/middleware/callbacks.rb:29:in `block in call'
  activesupport (4.1.6) lib/active_support/callbacks.rb:82:in `run_callbacks'
  actionpack (4.1.6) lib/action_dispatch/middleware/callbacks.rb:27:in `call'
  actionpack (4.1.6) lib/action_dispatch/middleware/reloader.rb:73:in `call'
  actionpack (4.1.6) lib/action_dispatch/middleware/remote_ip.rb:76:in `call'
  actionpack (4.1.6) lib/action_dispatch/middleware/debug_exceptions.rb:17:in `call'
  actionpack (4.1.6) lib/action_dispatch/middleware/show_exceptions.rb:30:in `call'
  railties (4.1.6) lib/rails/rack/logger.rb:38:in `call_app'
  railties (4.1.6) lib/rails/rack/logger.rb:20:in `block in call'
  activesupport (4.1.6) lib/active_support/tagged_logging.rb:68:in `block in tagged'
  activesupport (4.1.6) lib/active_support/tagged_logging.rb:26:in `tagged'
  activesupport (4.1.6) lib/active_support/tagged_logging.rb:68:in `tagged'
  railties (4.1.6) lib/rails/rack/logger.rb:20:in `call'
  actionpack (4.1.6) lib/action_dispatch/middleware/request_id.rb:21:in `call'
  rack (1.5.2) lib/rack/methodoverride.rb:21:in `call'
  rack (1.5.2) lib/rack/runtime.rb:17:in `call'
  activesupport (4.1.6) lib/active_support/cache/strategy/local_cache_middleware.rb:26:in `call'
  rack (1.5.2) lib/rack/lock.rb:17:in `call'
  actionpack (4.1.6) lib/action_dispatch/middleware/static.rb:64:in `call'
  rack (1.5.2) lib/rack/sendfile.rb:112:in `call'
  railties (4.1.6) lib/rails/engine.rb:514:in `call'
  railties (4.1.6) lib/rails/application.rb:144:in `call'
  rack (1.5.2) lib/rack/lock.rb:17:in `call'
  rack (1.5.2) lib/rack/content_length.rb:14:in `call'
  rack (1.5.2) lib/rack/handler/webrick.rb:60:in `service'
  /Users/appacademy/.rbenv/versions/2.1.2/lib/ruby/2.1.0/webrick/httpserver.rb:138:in `service'
  /Users/appacademy/.rbenv/versions/2.1.2/lib/ruby/2.1.0/webrick/httpserver.rb:94:in `run'
  /Users/appacademy/.rbenv/versions/2.1.2/lib/ruby/2.1.0/webrick/server.rb:295:in `block in start_thread'


  Rendered /Users/appacademy/.rbenv/versions/2.1.2/lib/ruby/gems/2.1.0/gems/actionpack-4.1.6/lib/action_dispatch/middleware/templates/rescues/missing_template.html.erb within rescues/layout (0.5ms)


Started GET "/goals/1/edit" for 127.0.0.1 at 2014-11-03 16:42:54 -0800
Processing by GoalsController#edit as HTML
  Parameters: {"id"=>"1"}
  [1m[36mUser Load (0.2ms)[0m  [1mSELECT  "users".* FROM "users"  WHERE "users"."session_token" = 'rvehGrB2Wb6iX4Wxc-8IWg' LIMIT 1[0m
  [1m[35mGoal Load (0.2ms)[0m  SELECT  "goals".* FROM "goals"  WHERE "goals"."id" = ? LIMIT 1  [["id", 1]]
  [1m[36mCACHE (0.0ms)[0m  [1mSELECT  "users".* FROM "users"  WHERE "users"."session_token" = 'rvehGrB2Wb6iX4Wxc-8IWg' LIMIT 1[0m
  [1m[35mCACHE (0.0ms)[0m  SELECT  "goals".* FROM "goals"  WHERE "goals"."id" = ? LIMIT 1  [["id", "1"]]
Completed 500 Internal Server Error in 6ms

ActionView::MissingTemplate (Missing template goals/edit, application/edit with {:locale=>[:en], :formats=>[:html], :variants=>[], :handlers=>[:erb, :builder, :raw, :ruby, :coffee, :jbuilder]}. Searched in:
  * "/Users/appacademy/Desktop/GoalSetter/app/views"
):
  actionview (4.1.6) lib/action_view/path_set.rb:46:in `find'
  actionview (4.1.6) lib/action_view/lookup_context.rb:124:in `find'
  actionview (4.1.6) lib/action_view/renderer/abstract_renderer.rb:18:in `find_template'
  actionview (4.1.6) lib/action_view/renderer/template_renderer.rb:41:in `determine_template'
  actionview (4.1.6) lib/action_view/renderer/template_renderer.rb:8:in `render'
  actionview (4.1.6) lib/action_view/renderer/renderer.rb:42:in `render_template'
  actionview (4.1.6) lib/action_view/renderer/renderer.rb:23:in `render'
  actionview (4.1.6) lib/action_view/rendering.rb:99:in `_render_template'
  actionpack (4.1.6) lib/action_controller/metal/streaming.rb:217:in `_render_template'
  actionview (4.1.6) lib/action_view/rendering.rb:82:in `render_to_body'
  actionpack (4.1.6) lib/action_controller/metal/rendering.rb:32:in `render_to_body'
  actionpack (4.1.6) lib/action_controller/metal/renderers.rb:32:in `render_to_body'
  actionpack (4.1.6) lib/abstract_controller/rendering.rb:25:in `render'
  actionpack (4.1.6) lib/action_controller/metal/rendering.rb:16:in `render'
  actionpack (4.1.6) lib/action_controller/metal/instrumentation.rb:41:in `block (2 levels) in render'
  activesupport (4.1.6) lib/active_support/core_ext/benchmark.rb:12:in `block in ms'
  /Users/appacademy/.rbenv/versions/2.1.2/lib/ruby/2.1.0/benchmark.rb:294:in `realtime'
  activesupport (4.1.6) lib/active_support/core_ext/benchmark.rb:12:in `ms'
  actionpack (4.1.6) lib/action_controller/metal/instrumentation.rb:41:in `block in render'
  actionpack (4.1.6) lib/action_controller/metal/instrumentation.rb:84:in `cleanup_view_runtime'
  activerecord (4.1.6) lib/active_record/railties/controller_runtime.rb:25:in `cleanup_view_runtime'
  actionpack (4.1.6) lib/action_controller/metal/instrumentation.rb:40:in `render'
  actionpack (4.1.6) lib/action_controller/metal/implicit_render.rb:10:in `default_render'
  actionpack (4.1.6) lib/action_controller/metal/implicit_render.rb:5:in `send_action'
  actionpack (4.1.6) lib/abstract_controller/base.rb:189:in `process_action'
  actionpack (4.1.6) lib/action_controller/metal/rendering.rb:10:in `process_action'
  actionpack (4.1.6) lib/abstract_controller/callbacks.rb:20:in `block in process_action'
  activesupport (4.1.6) lib/active_support/callbacks.rb:113:in `call'
  activesupport (4.1.6) lib/active_support/callbacks.rb:113:in `call'
  activesupport (4.1.6) lib/active_support/callbacks.rb:149:in `block in halting_and_conditional'
  activesupport (4.1.6) lib/active_support/callbacks.rb:166:in `call'
  activesupport (4.1.6) lib/active_support/callbacks.rb:166:in `block in halting'
  activesupport (4.1.6) lib/active_support/callbacks.rb:229:in `call'
  activesupport (4.1.6) lib/active_support/callbacks.rb:229:in `block in halting'
  activesupport (4.1.6) lib/active_support/callbacks.rb:229:in `call'
  activesupport (4.1.6) lib/active_support/callbacks.rb:229:in `block in halting'
  activesupport (4.1.6) lib/active_support/callbacks.rb:166:in `call'
  activesupport (4.1.6) lib/active_support/callbacks.rb:166:in `block in halting'
  activesupport (4.1.6) lib/active_support/callbacks.rb:166:in `call'
  activesupport (4.1.6) lib/active_support/callbacks.rb:166:in `block in halting'
  activesupport (4.1.6) lib/active_support/callbacks.rb:166:in `call'
  activesupport (4.1.6) lib/active_support/callbacks.rb:166:in `block in halting'
  activesupport (4.1.6) lib/active_support/callbacks.rb:86:in `call'
  activesupport (4.1.6) lib/active_support/callbacks.rb:86:in `run_callbacks'
  actionpack (4.1.6) lib/abstract_controller/callbacks.rb:19:in `process_action'
  actionpack (4.1.6) lib/action_controller/metal/rescue.rb:29:in `process_action'
  actionpack (4.1.6) lib/action_controller/metal/instrumentation.rb:31:in `block in process_action'
  activesupport (4.1.6) lib/active_support/notifications.rb:159:in `block in instrument'
  activesupport (4.1.6) lib/active_support/notifications/instrumenter.rb:20:in `instrument'
  activesupport (4.1.6) lib/active_support/notifications.rb:159:in `instrument'
  actionpack (4.1.6) lib/action_controller/metal/instrumentation.rb:30:in `process_action'
  actionpack (4.1.6) lib/action_controller/metal/params_wrapper.rb:250:in `process_action'
  activerecord (4.1.6) lib/active_record/railties/controller_runtime.rb:18:in `process_action'
  actionpack (4.1.6) lib/abstract_controller/base.rb:136:in `process'
  actionview (4.1.6) lib/action_view/rendering.rb:30:in `process'
  actionpack (4.1.6) lib/action_controller/metal.rb:196:in `dispatch'
  actionpack (4.1.6) lib/action_controller/metal/rack_delegation.rb:13:in `dispatch'
  actionpack (4.1.6) lib/action_controller/metal.rb:232:in `block in action'
  actionpack (4.1.6) lib/action_dispatch/routing/route_set.rb:82:in `call'
  actionpack (4.1.6) lib/action_dispatch/routing/route_set.rb:82:in `dispatch'
  actionpack (4.1.6) lib/action_dispatch/routing/route_set.rb:50:in `call'
  actionpack (4.1.6) lib/action_dispatch/journey/router.rb:73:in `block in call'
  actionpack (4.1.6) lib/action_dispatch/journey/router.rb:59:in `each'
  actionpack (4.1.6) lib/action_dispatch/journey/router.rb:59:in `call'
  actionpack (4.1.6) lib/action_dispatch/routing/route_set.rb:678:in `call'
  rack (1.5.2) lib/rack/etag.rb:23:in `call'
  rack (1.5.2) lib/rack/conditionalget.rb:25:in `call'
  rack (1.5.2) lib/rack/head.rb:11:in `call'
  actionpack (4.1.6) lib/action_dispatch/middleware/params_parser.rb:27:in `call'
  actionpack (4.1.6) lib/action_dispatch/middleware/flash.rb:254:in `call'
  rack (1.5.2) lib/rack/session/abstract/id.rb:225:in `context'
  rack (1.5.2) lib/rack/session/abstract/id.rb:220:in `call'
  actionpack (4.1.6) lib/action_dispatch/middleware/cookies.rb:560:in `call'
  activerecord (4.1.6) lib/active_record/query_cache.rb:36:in `call'
  activerecord (4.1.6) lib/active_record/connection_adapters/abstract/connection_pool.rb:621:in `call'
  activerecord (4.1.6) lib/active_record/migration.rb:380:in `call'
  actionpack (4.1.6) lib/action_dispatch/middleware/callbacks.rb:29:in `block in call'
  activesupport (4.1.6) lib/active_support/callbacks.rb:82:in `run_callbacks'
  actionpack (4.1.6) lib/action_dispatch/middleware/callbacks.rb:27:in `call'
  actionpack (4.1.6) lib/action_dispatch/middleware/reloader.rb:73:in `call'
  actionpack (4.1.6) lib/action_dispatch/middleware/remote_ip.rb:76:in `call'
  actionpack (4.1.6) lib/action_dispatch/middleware/debug_exceptions.rb:17:in `call'
  actionpack (4.1.6) lib/action_dispatch/middleware/show_exceptions.rb:30:in `call'
  railties (4.1.6) lib/rails/rack/logger.rb:38:in `call_app'
  railties (4.1.6) lib/rails/rack/logger.rb:20:in `block in call'
  activesupport (4.1.6) lib/active_support/tagged_logging.rb:68:in `block in tagged'
  activesupport (4.1.6) lib/active_support/tagged_logging.rb:26:in `tagged'
  activesupport (4.1.6) lib/active_support/tagged_logging.rb:68:in `tagged'
  railties (4.1.6) lib/rails/rack/logger.rb:20:in `call'
  actionpack (4.1.6) lib/action_dispatch/middleware/request_id.rb:21:in `call'
  rack (1.5.2) lib/rack/methodoverride.rb:21:in `call'
  rack (1.5.2) lib/rack/runtime.rb:17:in `call'
  activesupport (4.1.6) lib/active_support/cache/strategy/local_cache_middleware.rb:26:in `call'
  rack (1.5.2) lib/rack/lock.rb:17:in `call'
  actionpack (4.1.6) lib/action_dispatch/middleware/static.rb:64:in `call'
  rack (1.5.2) lib/rack/sendfile.rb:112:in `call'
  railties (4.1.6) lib/rails/engine.rb:514:in `call'
  railties (4.1.6) lib/rails/application.rb:144:in `call'
  rack (1.5.2) lib/rack/lock.rb:17:in `call'
  rack (1.5.2) lib/rack/content_length.rb:14:in `call'
  rack (1.5.2) lib/rack/handler/webrick.rb:60:in `service'
  /Users/appacademy/.rbenv/versions/2.1.2/lib/ruby/2.1.0/webrick/httpserver.rb:138:in `service'
  /Users/appacademy/.rbenv/versions/2.1.2/lib/ruby/2.1.0/webrick/httpserver.rb:94:in `run'
  /Users/appacademy/.rbenv/versions/2.1.2/lib/ruby/2.1.0/webrick/server.rb:295:in `block in start_thread'


  Rendered /Users/appacademy/.rbenv/versions/2.1.2/lib/ruby/gems/2.1.0/gems/actionpack-4.1.6/lib/action_dispatch/middleware/templates/rescues/missing_template.html.erb within rescues/layout (0.4ms)


Started DELETE "/goals/1" for 127.0.0.1 at 2014-11-03 16:43:02 -0800
Processing by GoalsController#destroy as HTML
  Parameters: {"authenticity_token"=>"yHUCHOrQpcIGnhuylyTjhP4rH5ml09CxBzauakL5614=", "id"=>"1"}
  [1m[36mUser Load (0.2ms)[0m  [1mSELECT  "users".* FROM "users"  WHERE "users"."session_token" = 'rvehGrB2Wb6iX4Wxc-8IWg' LIMIT 1[0m
  [1m[35mGoal Load (0.1ms)[0m  SELECT  "goals".* FROM "goals"  WHERE "goals"."id" = ? LIMIT 1  [["id", 1]]
  [1m[36mCACHE (0.0ms)[0m  [1mSELECT  "users".* FROM "users"  WHERE "users"."session_token" = 'rvehGrB2Wb6iX4Wxc-8IWg' LIMIT 1[0m
  [1m[35mCACHE (0.0ms)[0m  SELECT  "goals".* FROM "goals"  WHERE "goals"."id" = ? LIMIT 1  [["id", "1"]]
  [1m[36m (0.1ms)[0m  [1mbegin transaction[0m
  [1m[35mSQL (0.3ms)[0m  DELETE FROM "goals" WHERE "goals"."id" = ?  [["id", 1]]
  [1m[36m (4.7ms)[0m  [1mcommit transaction[0m
Redirected to http://localhost:3000/goals
Completed 302 Found in 12ms (ActiveRecord: 5.5ms)


Started GET "/goals" for 127.0.0.1 at 2014-11-03 16:43:02 -0800
Processing by GoalsController#index as HTML
  [1m[35mUser Load (0.3ms)[0m  SELECT  "users".* FROM "users"  WHERE "users"."session_token" = 'rvehGrB2Wb6iX4Wxc-8IWg' LIMIT 1
  Rendered goals/index.html.erb within layouts/application (0.5ms)
  [1m[36mCACHE (0.0ms)[0m  [1mSELECT  "users".* FROM "users"  WHERE "users"."session_token" = 'rvehGrB2Wb6iX4Wxc-8IWg' LIMIT 1[0m
  [1m[35mCACHE (0.0ms)[0m  SELECT  "users".* FROM "users"  WHERE "users"."session_token" = 'rvehGrB2Wb6iX4Wxc-8IWg' LIMIT 1
  Rendered application/_navbar.html.erb (1.8ms)
Completed 200 OK in 92ms (Views: 89.9ms | ActiveRecord: 0.3ms)


Started GET "/assets/users.css?body=1" for 127.0.0.1 at 2014-11-03 16:43:02 -0800


Started GET "/assets/sessions.css?body=1" for 127.0.0.1 at 2014-11-03 16:43:02 -0800


Started GET "/assets/jquery.js?body=1" for 127.0.0.1 at 2014-11-03 16:43:02 -0800


Started GET "/assets/application.css?body=1" for 127.0.0.1 at 2014-11-03 16:43:02 -0800


Started GET "/assets/jquery_ujs.js?body=1" for 127.0.0.1 at 2014-11-03 16:43:02 -0800


Started GET "/assets/turbolinks.js?body=1" for 127.0.0.1 at 2014-11-03 16:43:03 -0800


Started GET "/assets/goals.js?body=1" for 127.0.0.1 at 2014-11-03 16:43:03 -0800


Started GET "/assets/sessions.js?body=1" for 127.0.0.1 at 2014-11-03 16:43:03 -0800


Started GET "/assets/application.js?body=1" for 127.0.0.1 at 2014-11-03 16:43:03 -0800


Started GET "/assets/users.js?body=1" for 127.0.0.1 at 2014-11-03 16:43:03 -0800


Started GET "/assets/goals.css?body=1" for 127.0.0.1 at 2014-11-03 16:43:03 -0800


Started GET "/goals/1" for 127.0.0.1 at 2014-11-03 16:43:05 -0800
Processing by GoalsController#show as HTML
  Parameters: {"id"=>"1"}
  [1m[36mUser Load (0.2ms)[0m  [1mSELECT  "users".* FROM "users"  WHERE "users"."session_token" = 'rvehGrB2Wb6iX4Wxc-8IWg' LIMIT 1[0m
  [1m[35mGoal Load (0.1ms)[0m  SELECT  "goals".* FROM "goals"  WHERE "goals"."id" = ? LIMIT 1  [["id", 1]]
Completed 404 Not Found in 2ms

ActiveRecord::RecordNotFound (Couldn't find Goal with 'id'=1):
  app/controllers/goals_controller.rb:21:in `show'


  Rendered /Users/appacademy/.rbenv/versions/2.1.2/lib/ruby/gems/2.1.0/gems/actionpack-4.1.6/lib/action_dispatch/middleware/templates/rescues/_source.erb (1.0ms)
  Rendered /Users/appacademy/.rbenv/versions/2.1.2/lib/ruby/gems/2.1.0/gems/actionpack-4.1.6/lib/action_dispatch/middleware/templates/rescues/_trace.html.erb (1.5ms)
  Rendered /Users/appacademy/.rbenv/versions/2.1.2/lib/ruby/gems/2.1.0/gems/actionpack-4.1.6/lib/action_dispatch/middleware/templates/rescues/_request_and_response.html.erb (1.5ms)
  Rendered /Users/appacademy/.rbenv/versions/2.1.2/lib/ruby/gems/2.1.0/gems/actionpack-4.1.6/lib/action_dispatch/middleware/templates/rescues/diagnostics.erb within rescues/layout (56.4ms)
  [1m[36mGoal Load (2.2ms)[0m  [1mSELECT "goals".* FROM "goals"[0m
